This file contains any messages produced by compilers while
running configure, to aid debugging if configure makes a mistake.

It was created by Google C++ Testing Framework configure 1.6.0, which was
generated by GNU Autoconf 2.69.  Invocation command line was

  $ ./configure --disable-option-checking --prefix=/usr/local --build=i686-pc-linux-gnu CFLAGS=-m32 -Wno-narrowing CXXFLAGS=-m32 -Wno-narrowing -fpermissive LDFLAGS=-m32 build_alias=i686-pc-linux-gnu --cache-file=/dev/null --srcdir=.

## --------- ##
## Platform. ##
## --------- ##

hostname = lostnote
uname -m = x86_64
uname -r = 5.9.2-artix1-1
uname -s = Linux
uname -v = #1 SMP PREEMPT Thu, 29 Oct 2020 20:35:04 +0000

/usr/bin/uname -p = unknown
/bin/uname -X     = unknown

/bin/arch              = unknown
/usr/bin/arch -k       = unknown
/usr/convex/getsysinfo = unknown
/usr/bin/hostinfo      = unknown
/bin/machine           = unknown
/usr/bin/oslevel       = unknown
/bin/universe          = unknown

PATH: /home/nillerusr/.local/bin
PATH: /usr/local/sbin
PATH: /usr/local/bin
PATH: /usr/bin
PATH: /usr/lib/jvm/default/bin
PATH: /home/nillerusr/.local/bin
PATH: /home/nillerusr/ndk


## ----------- ##
## Core tests. ##
## ----------- ##

configure:2324: checking for a BSD-compatible install
configure:2392: result: /usr/bin/install -c
configure:2403: checking whether build environment is sane
configure:2458: result: yes
configure:2607: checking for a thread-safe mkdir -p
configure:2646: result: /usr/bin/mkdir -p
configure:2653: checking for gawk
configure:2669: found /usr/bin/gawk
configure:2680: result: gawk
configure:2691: checking whether make sets $(MAKE)
configure:2713: result: yes
configure:2742: checking whether make supports nested variables
configure:2759: result: yes
configure:2935: checking for gcc
configure:2951: found /home/nillerusr/.local/bin/gcc
configure:2962: result: gcc
configure:3191: checking for C compiler version
configure:3200: gcc --version >&5
gcc (GCC) 4.9.4
Copyright (C) 2015 Free Software Foundation, Inc.
This is free software; see the source for copying conditions.  There is NO
warranty; not even for MERCHANTABILITY or FITNESS FOR A PARTICULAR PURPOSE.

configure:3211: $? = 0
configure:3200: gcc -v >&5
Using built-in specs.
COLLECT_GCC=gcc
COLLECT_LTO_WRAPPER=/usr/lib/gcc/x86_64-pc-linux-gnu/4.9.4/lto-wrapper
Target: x86_64-pc-linux-gnu
Configured with: ../configure --build=x86_64-pc-linux-gnu --disable-libssp --disable-libstdcxx-pch --disable-libunwind-exceptions --disable-libsanitizer --disable-bootstrap --enable-multilib --disable-werror --enable-__cxa_atexit --enable-checking=release --enable-clocale=gnu --enable-cloog-backend=isl --enable-gnu-unique-object --enable-install-libiberty --enable-languages=c,c++,fortran,go,lto,objc,obj-c++ --enable-linker-build-id --enable-lto --enable-plugin --enable-shared --enable-threads=posix --enable-version-specific-runtime-libs --infodir=/usr/share/info --libdir=/usr/lib --libexecdir=/usr/lib --mandir=/usr/share/man --program-suffix=-4.9 --with-bugurl=https://bugs.archlinux.org/ --with-linker-hash-style=gnu --with-system-zlib --prefix=/usr
Thread model: posix
gcc version 4.9.4 (GCC) 
configure:3211: $? = 0
configure:3200: gcc -V >&5
gcc: error: unrecognized command line option '-V'
gcc: fatal error: no input files
compilation terminated.
configure:3211: $? = 1
configure:3200: gcc -qversion >&5
gcc: error: unrecognized command line option '-qversion'
gcc: fatal error: no input files
compilation terminated.
configure:3211: $? = 1
configure:3231: checking whether the C compiler works
configure:3253: gcc -m32 -Wno-narrowing  -m32 conftest.c  >&5
configure:3257: $? = 0
configure:3305: result: yes
configure:3308: checking for C compiler default output file name
configure:3310: result: a.out
configure:3316: checking for suffix of executables
configure:3323: gcc -o conftest -m32 -Wno-narrowing  -m32 conftest.c  >&5
configure:3327: $? = 0
configure:3349: result: 
configure:3371: checking whether we are cross compiling
configure:3379: gcc -o conftest -m32 -Wno-narrowing  -m32 conftest.c  >&5
configure:3383: $? = 0
configure:3390: ./conftest
configure:3394: $? = 0
configure:3382: result: no
configure:3387: checking for suffix of object files
configure:3409: gcc -c -m32 -Wno-narrowing  conftest.c >&5
configure:3413: $? = 0
configure:3434: result: o
configure:3438: checking whether we are using the GNU C compiler
configure:3457: gcc -c -m32 -Wno-narrowing  conftest.c >&5
configure:3457: $? = 0
configure:3466: result: yes
configure:3475: checking whether gcc accepts -g
configure:3495: gcc -c -g  conftest.c >&5
configure:3495: $? = 0
configure:3536: result: yes
configure:3553: checking for gcc option to accept ISO C89
configure:3616: gcc  -c -m32 -Wno-narrowing  conftest.c >&5
configure:3616: $? = 0
configure:3629: result: none needed
configure:3654: checking whether gcc understands -c and -o together
configure:3676: gcc -c conftest.c -o conftest2.o
configure:3679: $? = 0
configure:3676: gcc -c conftest.c -o conftest2.o
configure:3679: $? = 0
configure:3691: result: yes
configure:3711: checking whether make supports the include directive
configure:3726: make -f confmf.GNU && cat confinc.out
this is the am__doit target
configure:3729: $? = 0
configure:3748: result: yes (GNU style)
configure:3773: checking dependency style of gcc
configure:3884: result: gcc3
configure:3957: checking for g++
configure:3973: found /home/nillerusr/.local/bin/g++
configure:3984: result: g++
configure:4011: checking for C++ compiler version
configure:4020: g++ --version >&5
g++ (GCC) 4.9.4
Copyright (C) 2015 Free Software Foundation, Inc.
This is free software; see the source for copying conditions.  There is NO
warranty; not even for MERCHANTABILITY or FITNESS FOR A PARTICULAR PURPOSE.

configure:4031: $? = 0
configure:4020: g++ -v >&5
Using built-in specs.
COLLECT_GCC=g++
COLLECT_LTO_WRAPPER=/usr/lib/gcc/x86_64-pc-linux-gnu/4.9.4/lto-wrapper
Target: x86_64-pc-linux-gnu
Configured with: ../configure --build=x86_64-pc-linux-gnu --disable-libssp --disable-libstdcxx-pch --disable-libunwind-exceptions --disable-libsanitizer --disable-bootstrap --enable-multilib --disable-werror --enable-__cxa_atexit --enable-checking=release --enable-clocale=gnu --enable-cloog-backend=isl --enable-gnu-unique-object --enable-install-libiberty --enable-languages=c,c++,fortran,go,lto,objc,obj-c++ --enable-linker-build-id --enable-lto --enable-plugin --enable-shared --enable-threads=posix --enable-version-specific-runtime-libs --infodir=/usr/share/info --libdir=/usr/lib --libexecdir=/usr/lib --mandir=/usr/share/man --program-suffix=-4.9 --with-bugurl=https://bugs.archlinux.org/ --with-linker-hash-style=gnu --with-system-zlib --prefix=/usr
Thread model: posix
gcc version 4.9.4 (GCC) 
configure:4031: $? = 0
configure:4020: g++ -V >&5
g++: error: unrecognized command line option '-V'
g++: fatal error: no input files
compilation terminated.
configure:4031: $? = 1
configure:4020: g++ -qversion >&5
g++: error: unrecognized command line option '-qversion'
g++: fatal error: no input files
compilation terminated.
configure:4031: $? = 1
configure:4035: checking whether we are using the GNU C++ compiler
configure:4054: g++ -c -m32 -Wno-narrowing -fpermissive  conftest.cpp >&5
configure:4054: $? = 0
configure:4063: result: yes
configure:4072: checking whether g++ accepts -g
configure:4092: g++ -c -g  conftest.cpp >&5
configure:4092: $? = 0
configure:4133: result: yes
configure:4158: checking dependency style of g++
configure:4269: result: gcc3
configure:4319: checking build system type
configure:4333: result: i686-pc-linux-gnu
configure:4353: checking host system type
configure:4366: result: i686-pc-linux-gnu
configure:4407: checking how to print strings
configure:4434: result: printf
configure:4455: checking for a sed that does not truncate output
configure:4519: result: /usr/bin/sed
configure:4537: checking for grep that handles long lines and -e
configure:4595: result: /usr/bin/grep
configure:4600: checking for egrep
configure:4662: result: /usr/bin/grep -E
configure:4667: checking for fgrep
configure:4729: result: /usr/bin/grep -F
configure:4764: checking for ld used by gcc
configure:4831: result: /usr/bin/ld
configure:4838: checking if the linker (/usr/bin/ld) is GNU ld
configure:4853: result: yes
configure:4865: checking for BSD- or MS-compatible name lister (nm)
configure:4919: result: /usr/bin/nm -B
configure:5049: checking the name lister (/usr/bin/nm -B) interface
configure:5056: g++ -c -m32 -Wno-narrowing -fpermissive  conftest.cpp >&5
configure:5059: /usr/bin/nm -B "conftest.o"
configure:5062: output
00000000 B some_variable
configure:5063: result: BSD nm
configure:5066: checking whether ln -s works
configure:5070: result: yes
configure:5078: checking the maximum length of command line arguments
configure:5209: result: 1572864
configure:5257: checking how to convert i686-pc-linux-gnu file names to i686-pc-linux-gnu format
configure:5297: result: func_convert_file_noop
configure:5304: checking how to convert i686-pc-linux-gnu file names to toolchain format
configure:5324: result: func_convert_file_noop
configure:5331: checking for /usr/bin/ld option to reload object files
configure:5338: result: -r
configure:5412: checking for objdump
configure:5428: found /usr/bin/objdump
configure:5439: result: objdump
configure:5471: checking how to recognize dependent libraries
configure:5671: result: pass_all
configure:5756: checking for dlltool
configure:5786: result: no
configure:5816: checking how to associate runtime and link libraries
configure:5843: result: printf %s\n
configure:5904: checking for ar
configure:5920: found /usr/bin/ar
configure:5931: result: ar
configure:5968: checking for archiver @FILE support
configure:5985: g++ -c -m32 -Wno-narrowing -fpermissive  conftest.cpp >&5
configure:5985: $? = 0
configure:5988: ar cru libconftest.a @conftest.lst >&5
ar: `u' modifier ignored since `D' is the default (see `U')
configure:5991: $? = 0
configure:5996: ar cru libconftest.a @conftest.lst >&5
ar: `u' modifier ignored since `D' is the default (see `U')
ar: conftest.o: No such file or directory
configure:5999: $? = 1
configure:5998: result: @
configure:6056: checking for strip
configure:6072: found /usr/bin/strip
configure:6083: result: strip
configure:6155: checking for ranlib
configure:6171: found /usr/bin/ranlib
configure:6182: result: ranlib
configure:6284: checking command to parse /usr/bin/nm -B output from gcc object
configure:6437: g++ -c -m32 -Wno-narrowing -fpermissive  conftest.cpp >&5
configure:6440: $? = 0
configure:6444: /usr/bin/nm -B conftest.o | sed -n -e 's/^.*[	 ]\([ABCDGIRSTW][ABCDGIRSTW]*\)[	 ][	 ]*\([_A-Za-z][_A-Za-z0-9]*\)$/\1 \2 \2/p' | sed '/ __gnu_lto/d' > conftest.nm
configure:6510: g++ -o conftest -m32 -Wno-narrowing -fpermissive  -m32 conftest.cpp conftstm.o >&5
configure:6513: $? = 0
configure:6551: result: ok
configure:6598: checking for sysroot
configure:6628: result: no
configure:6635: checking for a working dd
configure:6673: result: /usr/bin/dd
configure:6677: checking how to truncate binary pipes
configure:6692: result: /usr/bin/dd bs=4096 count=1
configure:7022: checking for mt
configure:7052: result: no
configure:7072: checking if : is a manifest tool
configure:7078: : '-?'
configure:7086: result: no
configure:7763: checking how to run the C preprocessor
configure:7794: gcc -E  conftest.c
configure:7794: $? = 0
configure:7808: gcc -E  conftest.c
conftest.c:11:28: fatal error: ac_nonexistent.h: No such file or directory
 #include <ac_nonexistent.h>
                            ^
compilation terminated.
configure:7808: $? = 1
configure: failed program was:
| /* confdefs.h */
| #define PACKAGE_NAME "Google C++ Testing Framework"
| #define PACKAGE_TARNAME "gtest"
| #define PACKAGE_VERSION "1.6.0"
| #define PACKAGE_STRING "Google C++ Testing Framework 1.6.0"
| #define PACKAGE_BUGREPORT "googletestframework@googlegroups.com"
| #define PACKAGE_URL ""
| #define PACKAGE "gtest"
| #define VERSION "1.6.0"
| /* end confdefs.h.  */
| #include <ac_nonexistent.h>
configure:7833: result: gcc -E
configure:7853: gcc -E  conftest.c
configure:7853: $? = 0
configure:7867: gcc -E  conftest.c
conftest.c:11:28: fatal error: ac_nonexistent.h: No such file or directory
 #include <ac_nonexistent.h>
                            ^
compilation terminated.
configure:7867: $? = 1
configure: failed program was:
| /* confdefs.h */
| #define PACKAGE_NAME "Google C++ Testing Framework"
| #define PACKAGE_TARNAME "gtest"
| #define PACKAGE_VERSION "1.6.0"
| #define PACKAGE_STRING "Google C++ Testing Framework 1.6.0"
| #define PACKAGE_BUGREPORT "googletestframework@googlegroups.com"
| #define PACKAGE_URL ""
| #define PACKAGE "gtest"
| #define VERSION "1.6.0"
| /* end confdefs.h.  */
| #include <ac_nonexistent.h>
configure:7896: checking for ANSI C header files
configure:7916: gcc -c -m32 -Wno-narrowing  conftest.c >&5
configure:7916: $? = 0
configure:7989: gcc -o conftest -m32 -Wno-narrowing  -m32 conftest.c  >&5
configure:7989: $? = 0
configure:7989: ./conftest
configure:7989: $? = 0
configure:8000: result: yes
configure:8013: checking for sys/types.h
configure:8013: gcc -c -m32 -Wno-narrowing  conftest.c >&5
configure:8013: $? = 0
configure:8013: result: yes
configure:8013: checking for sys/stat.h
configure:8013: gcc -c -m32 -Wno-narrowing  conftest.c >&5
configure:8013: $? = 0
configure:8013: result: yes
configure:8013: checking for stdlib.h
configure:8013: gcc -c -m32 -Wno-narrowing  conftest.c >&5
configure:8013: $? = 0
configure:8013: result: yes
configure:8013: checking for string.h
configure:8013: gcc -c -m32 -Wno-narrowing  conftest.c >&5
configure:8013: $? = 0
configure:8013: result: yes
configure:8013: checking for memory.h
configure:8013: gcc -c -m32 -Wno-narrowing  conftest.c >&5
configure:8013: $? = 0
configure:8013: result: yes
configure:8013: checking for strings.h
configure:8013: gcc -c -m32 -Wno-narrowing  conftest.c >&5
configure:8013: $? = 0
configure:8013: result: yes
configure:8013: checking for inttypes.h
configure:8013: gcc -c -m32 -Wno-narrowing  conftest.c >&5
configure:8013: $? = 0
configure:8013: result: yes
configure:8013: checking for stdint.h
configure:8013: gcc -c -m32 -Wno-narrowing  conftest.c >&5
configure:8013: $? = 0
configure:8013: result: yes
configure:8013: checking for unistd.h
configure:8013: gcc -c -m32 -Wno-narrowing  conftest.c >&5
configure:8013: $? = 0
configure:8013: result: yes
configure:8027: checking for dlfcn.h
configure:8027: gcc -c -m32 -Wno-narrowing  conftest.c >&5
configure:8027: $? = 0
configure:8027: result: yes
configure:8293: checking for objdir
configure:8308: result: .libs
configure:8572: checking if gcc supports -fno-rtti -fno-exceptions
configure:8590: gcc -c -m32 -Wno-narrowing  -fno-rtti -fno-exceptions conftest.c >&5
cc1: warning: command line option '-fno-rtti' is valid for C++/ObjC++ but not for C
configure:8594: $? = 0
configure:8607: result: no
configure:8965: checking for gcc option to produce PIC
configure:8972: result: -fPIC -DPIC
configure:8980: checking if gcc PIC flag -fPIC -DPIC works
configure:8998: gcc -c -m32 -Wno-narrowing  -fPIC -DPIC -DPIC conftest.c >&5
configure:9002: $? = 0
configure:9015: result: yes
configure:9044: checking if gcc static flag -static works
configure:9072: result: yes
configure:9087: checking if gcc supports -c -o file.o
configure:9108: gcc -c -m32 -Wno-narrowing  -o out/conftest2.o conftest.c >&5
configure:9112: $? = 0
configure:9134: result: yes
configure:9142: checking if gcc supports -c -o file.o
configure:9189: result: yes
configure:9222: checking whether the gcc linker (/usr/bin/ld) supports shared libraries
configure:10485: result: yes
configure:10522: checking whether -lc should be explicitly linked in
configure:10530: gcc -c -m32 -Wno-narrowing  conftest.c >&5
configure:10533: $? = 0
configure:10548: gcc -shared  -fPIC -DPIC conftest.o  -v -Wl,-soname -Wl,conftest -o conftest 2\>\&1 \| /usr/bin/grep  -lc  \>/dev/null 2\>\&1
configure:10551: $? = 0
configure:10565: result: no
configure:10725: checking dynamic linker characteristics
configure:11306: gcc -o conftest -m32 -Wno-narrowing  -m32 -Wl,-rpath -Wl,/foo conftest.c  >&5
configure:11306: $? = 0
configure:11555: result: GNU/Linux ld.so
configure:11677: checking how to hardcode library paths into programs
configure:11702: result: immediate
configure:12250: checking whether stripping libraries is possible
configure:12255: result: yes
configure:12290: checking if libtool supports shared libraries
configure:12292: result: yes
configure:12295: checking whether to build shared libraries
configure:12320: result: yes
configure:12323: checking whether to build static libraries
configure:12327: result: yes
configure:9126: checking how to run the C++ preprocessor
configure:9153: g++ -E  conftest.cpp
configure:9153: $? = 0
configure:9167: g++ -E  conftest.cpp
conftest.cpp:23:28: fatal error: ac_nonexistent.h: No such file or directory
 #include <ac_nonexistent.h>
                            ^
compilation terminated.
configure:9167: $? = 1
configure: failed program was:
| /* confdefs.h */
| #define PACKAGE_NAME "Google C++ Testing Framework"
| #define PACKAGE_TARNAME "gtest"
| #define PACKAGE_VERSION "1.6.0"
| #define PACKAGE_STRING "Google C++ Testing Framework 1.6.0"
| #define PACKAGE_BUGREPORT "googletestframework@googlegroups.com"
| #define PACKAGE_URL ""
| #define PACKAGE "gtest"
| #define VERSION "1.6.0"
| #define STDC_HEADERS 1
| #define HAVE_SYS_TYPES_H 1
| #define HAVE_SYS_STAT_H 1
| #define HAVE_STDLIB_H 1
| #define HAVE_STRING_H 1
| #define HAVE_MEMORY_H 1
| #define HAVE_STRINGS_H 1
| #define HAVE_INTTYPES_H 1
| #define HAVE_STDINT_H 1
| #define HAVE_UNISTD_H 1
| #define HAVE_DLFCN_H 1
| #define LT_OBJDIR ".libs/"
| /* end confdefs.h.  */
| #include <ac_nonexistent.h>
configure:9192: result: g++ -E
configure:9212: g++ -E  conftest.cpp
configure:9212: $? = 0
configure:9226: g++ -E  conftest.cpp
conftest.cpp:23:28: fatal error: ac_nonexistent.h: No such file or directory
 #include <ac_nonexistent.h>
                            ^
compilation terminated.
configure:9226: $? = 1
configure: failed program was:
| /* confdefs.h */
| #define PACKAGE_NAME "Google C++ Testing Framework"
| #define PACKAGE_TARNAME "gtest"
| #define PACKAGE_VERSION "1.6.0"
| #define PACKAGE_STRING "Google C++ Testing Framework 1.6.0"
| #define PACKAGE_BUGREPORT "googletestframework@googlegroups.com"
| #define PACKAGE_URL ""
| #define PACKAGE "gtest"
| #define VERSION "1.6.0"
| #define STDC_HEADERS 1
| #define HAVE_SYS_TYPES_H 1
| #define HAVE_SYS_STAT_H 1
| #define HAVE_STDLIB_H 1
| #define HAVE_STRING_H 1
| #define HAVE_MEMORY_H 1
| #define HAVE_STRINGS_H 1
| #define HAVE_INTTYPES_H 1
| #define HAVE_STDINT_H 1
| #define HAVE_UNISTD_H 1
| #define HAVE_DLFCN_H 1
| #define LT_OBJDIR ".libs/"
| /* end confdefs.h.  */
| #include <ac_nonexistent.h>
configure:9388: checking for ld used by g++
configure:9455: result: /usr/bin/ld
configure:9462: checking if the linker (/usr/bin/ld) is GNU ld
configure:9477: result: yes
configure:9532: checking whether the g++ linker (/usr/bin/ld) supports shared libraries
configure:10605: result: yes
configure:10641: g++ -c -m32 -Wno-narrowing -fpermissive  conftest.cpp >&5
configure:10644: $? = 0
configure:11125: checking for g++ option to produce PIC
configure:11132: result: -fPIC -DPIC
configure:11140: checking if g++ PIC flag -fPIC -DPIC works
configure:11158: g++ -c -m32 -Wno-narrowing -fpermissive  -fPIC -DPIC -DPIC conftest.cpp >&5
configure:11162: $? = 0
configure:11175: result: yes
configure:11198: checking if g++ static flag -static works
configure:11226: result: yes
configure:11238: checking if g++ supports -c -o file.o
configure:11259: g++ -c -m32 -Wno-narrowing -fpermissive  -o out/conftest2.o conftest.cpp >&5
configure:11263: $? = 0
configure:11285: result: yes
configure:11290: checking if g++ supports -c -o file.o
configure:11337: result: yes
configure:11367: checking whether the g++ linker (/usr/bin/ld) supports shared libraries
configure:11410: result: yes
configure:11551: checking dynamic linker characteristics
configure:12308: result: GNU/Linux ld.so
configure:12373: checking how to hardcode library paths into programs
configure:12398: result: immediate
configure:11299: checking for python
configure:11317: found /usr/bin/python
configure:11330: result: /usr/bin/python
configure:11348: /usr/bin/python -c import sys # split strings by '.' and convert to numeric. Append some zeros # because we need at least 4 digits for the hex conversion. # map returns an iterator in Python 3.0 and a list in 2.x minver = list(map(int, '2.3'.split('.'))) + [0, 0, 0] minverhex = 0 # xrange is not present in Python 3.0 and range returns an iterator for i in list(range(0, 4)): minverhex = (minverhex << 8) + minver[i] sys.exit(sys.hexversion < minverhex)
configure:11351: $? = 0
configure:11544: checking for the pthreads library -lpthreads
configure:11577: gcc -o conftest -m32 -Wno-narrowing   -m32 conftest.c -lpthreads  >&5
/usr/bin/ld: cannot find -lpthreads
collect2: error: ld returned 1 exit status
configure:11577: $? = 1
configure: failed program was:
| /* confdefs.h */
| #define PACKAGE_NAME "Google C++ Testing Framework"
| #define PACKAGE_TARNAME "gtest"
| #define PACKAGE_VERSION "1.6.0"
| #define PACKAGE_STRING "Google C++ Testing Framework 1.6.0"
| #define PACKAGE_BUGREPORT "googletestframework@googlegroups.com"
| #define PACKAGE_URL ""
| #define PACKAGE "gtest"
| #define VERSION "1.6.0"
| #define STDC_HEADERS 1
| #define HAVE_SYS_TYPES_H 1
| #define HAVE_SYS_STAT_H 1
| #define HAVE_STDLIB_H 1
| #define HAVE_STRING_H 1
| #define HAVE_MEMORY_H 1
| #define HAVE_STRINGS_H 1
| #define HAVE_INTTYPES_H 1
| #define HAVE_STDINT_H 1
| #define HAVE_UNISTD_H 1
| #define HAVE_DLFCN_H 1
| #define LT_OBJDIR ".libs/"
| /* end confdefs.h.  */
| #include <pthread.h>
| int
| main ()
| {
| pthread_t th; pthread_join(th, 0);
|                      pthread_attr_init(0); pthread_cleanup_push(0, 0);
|                      pthread_create(0,0,0,0); pthread_cleanup_pop(0);
|   ;
|   return 0;
| }
configure:11586: result: no
configure:11489: checking whether pthreads work without any flags
configure:11577: gcc -o conftest -m32 -Wno-narrowing   -m32 conftest.c   >&5
/usr/bin/ld: /tmp/ccK2s6EB.o: in function `main':
conftest.c:(.text+0x1a): undefined reference to `pthread_join'
/usr/bin/ld: conftest.c:(.text+0x71): undefined reference to `__pthread_register_cancel'
/usr/bin/ld: conftest.c:(.text+0x7e): undefined reference to `pthread_create'
/usr/bin/ld: conftest.c:(.text+0x89): undefined reference to `__pthread_unregister_cancel'
collect2: error: ld returned 1 exit status
configure:11577: $? = 1
configure: failed program was:
| /* confdefs.h */
| #define PACKAGE_NAME "Google C++ Testing Framework"
| #define PACKAGE_TARNAME "gtest"
| #define PACKAGE_VERSION "1.6.0"
| #define PACKAGE_STRING "Google C++ Testing Framework 1.6.0"
| #define PACKAGE_BUGREPORT "googletestframework@googlegroups.com"
| #define PACKAGE_URL ""
| #define PACKAGE "gtest"
| #define VERSION "1.6.0"
| #define STDC_HEADERS 1
| #define HAVE_SYS_TYPES_H 1
| #define HAVE_SYS_STAT_H 1
| #define HAVE_STDLIB_H 1
| #define HAVE_STRING_H 1
| #define HAVE_MEMORY_H 1
| #define HAVE_STRINGS_H 1
| #define HAVE_INTTYPES_H 1
| #define HAVE_STDINT_H 1
| #define HAVE_UNISTD_H 1
| #define HAVE_DLFCN_H 1
| #define LT_OBJDIR ".libs/"
| /* end confdefs.h.  */
| #include <pthread.h>
| int
| main ()
| {
| pthread_t th; pthread_join(th, 0);
|                      pthread_attr_init(0); pthread_cleanup_push(0, 0);
|                      pthread_create(0,0,0,0); pthread_cleanup_pop(0);
|   ;
|   return 0;
| }
configure:11586: result: no
configure:11494: checking whether pthreads work with -Kthread
configure:11577: gcc -o conftest -m32 -Wno-narrowing -Kthread  -m32 conftest.c   >&5
gcc: error: unrecognized command line option '-Kthread'
configure:11577: $? = 1
configure: failed program was:
| /* confdefs.h */
| #define PACKAGE_NAME "Google C++ Testing Framework"
| #define PACKAGE_TARNAME "gtest"
| #define PACKAGE_VERSION "1.6.0"
| #define PACKAGE_STRING "Google C++ Testing Framework 1.6.0"
| #define PACKAGE_BUGREPORT "googletestframework@googlegroups.com"
| #define PACKAGE_URL ""
| #define PACKAGE "gtest"
| #define VERSION "1.6.0"
| #define STDC_HEADERS 1
| #define HAVE_SYS_TYPES_H 1
| #define HAVE_SYS_STAT_H 1
| #define HAVE_STDLIB_H 1
| #define HAVE_STRING_H 1
| #define HAVE_MEMORY_H 1
| #define HAVE_STRINGS_H 1
| #define HAVE_INTTYPES_H 1
| #define HAVE_STDINT_H 1
| #define HAVE_UNISTD_H 1
| #define HAVE_DLFCN_H 1
| #define LT_OBJDIR ".libs/"
| /* end confdefs.h.  */
| #include <pthread.h>
| int
| main ()
| {
| pthread_t th; pthread_join(th, 0);
|                      pthread_attr_init(0); pthread_cleanup_push(0, 0);
|                      pthread_create(0,0,0,0); pthread_cleanup_pop(0);
|   ;
|   return 0;
| }
configure:11586: result: no
configure:11494: checking whether pthreads work with -kthread
configure:11577: gcc -o conftest -m32 -Wno-narrowing -kthread  -m32 conftest.c   >&5
gcc: error: unrecognized command line option '-kthread'
configure:11577: $? = 1
configure: failed program was:
| /* confdefs.h */
| #define PACKAGE_NAME "Google C++ Testing Framework"
| #define PACKAGE_TARNAME "gtest"
| #define PACKAGE_VERSION "1.6.0"
| #define PACKAGE_STRING "Google C++ Testing Framework 1.6.0"
| #define PACKAGE_BUGREPORT "googletestframework@googlegroups.com"
| #define PACKAGE_URL ""
| #define PACKAGE "gtest"
| #define VERSION "1.6.0"
| #define STDC_HEADERS 1
| #define HAVE_SYS_TYPES_H 1
| #define HAVE_SYS_STAT_H 1
| #define HAVE_STDLIB_H 1
| #define HAVE_STRING_H 1
| #define HAVE_MEMORY_H 1
| #define HAVE_STRINGS_H 1
| #define HAVE_INTTYPES_H 1
| #define HAVE_STDINT_H 1
| #define HAVE_UNISTD_H 1
| #define HAVE_DLFCN_H 1
| #define LT_OBJDIR ".libs/"
| /* end confdefs.h.  */
| #include <pthread.h>
| int
| main ()
| {
| pthread_t th; pthread_join(th, 0);
|                      pthread_attr_init(0); pthread_cleanup_push(0, 0);
|                      pthread_create(0,0,0,0); pthread_cleanup_pop(0);
|   ;
|   return 0;
| }
configure:11586: result: no
configure:11544: checking for the pthreads library -llthread
configure:11577: gcc -o conftest -m32 -Wno-narrowing   -m32 conftest.c -llthread  >&5
/usr/bin/ld: cannot find -llthread
collect2: error: ld returned 1 exit status
configure:11577: $? = 1
configure: failed program was:
| /* confdefs.h */
| #define PACKAGE_NAME "Google C++ Testing Framework"
| #define PACKAGE_TARNAME "gtest"
| #define PACKAGE_VERSION "1.6.0"
| #define PACKAGE_STRING "Google C++ Testing Framework 1.6.0"
| #define PACKAGE_BUGREPORT "googletestframework@googlegroups.com"
| #define PACKAGE_URL ""
| #define PACKAGE "gtest"
| #define VERSION "1.6.0"
| #define STDC_HEADERS 1
| #define HAVE_SYS_TYPES_H 1
| #define HAVE_SYS_STAT_H 1
| #define HAVE_STDLIB_H 1
| #define HAVE_STRING_H 1
| #define HAVE_MEMORY_H 1
| #define HAVE_STRINGS_H 1
| #define HAVE_INTTYPES_H 1
| #define HAVE_STDINT_H 1
| #define HAVE_UNISTD_H 1
| #define HAVE_DLFCN_H 1
| #define LT_OBJDIR ".libs/"
| /* end confdefs.h.  */
| #include <pthread.h>
| int
| main ()
| {
| pthread_t th; pthread_join(th, 0);
|                      pthread_attr_init(0); pthread_cleanup_push(0, 0);
|                      pthread_create(0,0,0,0); pthread_cleanup_pop(0);
|   ;
|   return 0;
| }
configure:11586: result: no
configure:11494: checking whether pthreads work with -pthread
configure:11577: gcc -o conftest -m32 -Wno-narrowing -pthread  -m32 conftest.c   >&5
configure:11577: $? = 0
configure:11586: result: yes
configure:11605: checking for joinable pthread attribute
configure:11620: gcc -o conftest -m32 -Wno-narrowing -pthread  -m32 conftest.c   >&5
configure:11620: $? = 0
configure:11626: result: PTHREAD_CREATE_JOINABLE
configure:11636: checking if more special flags are required for pthreads
configure:11643: result: no
configure:11732: checking whether to check for GCC pthread/shared inconsistencies
configure:11745: gcc -o conftest -shared -fPIC -Wl,-z,defs -m32 -Wno-narrowing -pthread  -m32 conftest.c   >&5
configure:11745: $? = 0
configure:11757: result: yes
configure:11763: checking whether -pthread is sufficient with -shared
configure:11778: gcc -o conftest -shared -fPIC -Wl,-z,defs -m32 -Wno-narrowing -pthread  -m32 conftest.c   >&5
configure:11778: $? = 0
configure:11785: result: yes
configure:12026: checking that generated files are newer than configure
configure:12032: result: done
configure:12067: creating ./config.status

## ---------------------- ##
## Running config.status. ##
## ---------------------- ##

This file was extended by Google C++ Testing Framework config.status 1.6.0, which was
generated by GNU Autoconf 2.69.  Invocation command line was

  CONFIG_FILES    = 
  CONFIG_HEADERS  = 
  CONFIG_LINKS    = 
  CONFIG_COMMANDS = 
  $ ./config.status 

on lostnote

config.status:1153: creating Makefile
config.status:1153: creating scripts/gtest-config
config.status:1153: creating build-aux/config.h
config.status:1334: build-aux/config.h is unchanged
config.status:1382: executing depfiles commands
config.status:1460: cd .       && sed -e '/# am--include-marker/d' Makefile         | make -f - am--depfiles
make: Nothing to be done for 'am--depfiles'.
config.status:1465: $? = 0
config.status:1382: executing libtool commands

## ---------------- ##
## Cache variables. ##
## ---------------- ##

ac_cv_build=i686-pc-linux-gnu
ac_cv_c_compiler_gnu=yes
ac_cv_cxx_compiler_gnu=yes
ac_cv_env_CCC_set=
ac_cv_env_CCC_value=
ac_cv_env_CC_set=
ac_cv_env_CC_value=
ac_cv_env_CFLAGS_set=set
ac_cv_env_CFLAGS_value='-m32 -Wno-narrowing'
ac_cv_env_CPPFLAGS_set=
ac_cv_env_CPPFLAGS_value=
ac_cv_env_CPP_set=
ac_cv_env_CPP_value=
ac_cv_env_CXXCPP_set=
ac_cv_env_CXXCPP_value=
ac_cv_env_CXXFLAGS_set=set
ac_cv_env_CXXFLAGS_value='-m32 -Wno-narrowing -fpermissive'
ac_cv_env_CXX_set=
ac_cv_env_CXX_value=
ac_cv_env_LDFLAGS_set=set
ac_cv_env_LDFLAGS_value=-m32
ac_cv_env_LIBS_set=
ac_cv_env_LIBS_value=
ac_cv_env_LT_SYS_LIBRARY_PATH_set=
ac_cv_env_LT_SYS_LIBRARY_PATH_value=
ac_cv_env_build_alias_set=set
ac_cv_env_build_alias_value=i686-pc-linux-gnu
ac_cv_env_host_alias_set=
ac_cv_env_host_alias_value=
ac_cv_env_target_alias_set=
ac_cv_env_target_alias_value=
ac_cv_header_dlfcn_h=yes
ac_cv_header_inttypes_h=yes
ac_cv_header_memory_h=yes
ac_cv_header_stdc=yes
ac_cv_header_stdint_h=yes
ac_cv_header_stdlib_h=yes
ac_cv_header_string_h=yes
ac_cv_header_strings_h=yes
ac_cv_header_sys_stat_h=yes
ac_cv_header_sys_types_h=yes
ac_cv_header_unistd_h=yes
ac_cv_host=i686-pc-linux-gnu
ac_cv_objext=o
ac_cv_path_EGREP='/usr/bin/grep -E'
ac_cv_path_FGREP='/usr/bin/grep -F'
ac_cv_path_GREP=/usr/bin/grep
ac_cv_path_PYTHON=/usr/bin/python
ac_cv_path_SED=/usr/bin/sed
ac_cv_path_install='/usr/bin/install -c'
ac_cv_path_lt_DD=/usr/bin/dd
ac_cv_path_mkdir=/usr/bin/mkdir
ac_cv_prog_AWK=gawk
ac_cv_prog_CPP='gcc -E'
ac_cv_prog_CXXCPP='g++ -E'
ac_cv_prog_ac_ct_AR=ar
ac_cv_prog_ac_ct_CC=gcc
ac_cv_prog_ac_ct_CXX=g++
ac_cv_prog_ac_ct_OBJDUMP=objdump
ac_cv_prog_ac_ct_RANLIB=ranlib
ac_cv_prog_ac_ct_STRIP=strip
ac_cv_prog_cc_c89=
ac_cv_prog_cc_g=yes
ac_cv_prog_cxx_g=yes
ac_cv_prog_make_make_set=yes
am_cv_CC_dependencies_compiler_type=gcc3
am_cv_CXX_dependencies_compiler_type=gcc3
am_cv_make_support_nested_variables=yes
am_cv_prog_cc_c_o=yes
lt_cv_ar_at_file=@
lt_cv_archive_cmds_need_lc=no
lt_cv_deplibs_check_method=pass_all
lt_cv_file_magic_cmd='$MAGIC_CMD'
lt_cv_file_magic_test_file=
lt_cv_ld_reload_flag=-r
lt_cv_nm_interface='BSD nm'
lt_cv_objdir=.libs
lt_cv_path_LD=/usr/bin/ld
lt_cv_path_LDCXX=/usr/bin/ld
lt_cv_path_NM='/usr/bin/nm -B'
lt_cv_path_mainfest_tool=no
lt_cv_prog_compiler_c_o=yes
lt_cv_prog_compiler_c_o_CXX=yes
lt_cv_prog_compiler_pic='-fPIC -DPIC'
lt_cv_prog_compiler_pic_CXX='-fPIC -DPIC'
lt_cv_prog_compiler_pic_works=yes
lt_cv_prog_compiler_pic_works_CXX=yes
lt_cv_prog_compiler_rtti_exceptions=no
lt_cv_prog_compiler_static_works=yes
lt_cv_prog_compiler_static_works_CXX=yes
lt_cv_prog_gnu_ld=yes
lt_cv_prog_gnu_ldcxx=yes
lt_cv_sharedlib_from_linklib_cmd='printf %s\n'
lt_cv_shlibpath_overrides_runpath=no
lt_cv_sys_global_symbol_pipe='sed -n -e '\''s/^.*[	 ]\([ABCDGIRSTW][ABCDGIRSTW]*\)[	 ][	 ]*\([_A-Za-z][_A-Za-z0-9]*\)$/\1 \2 \2/p'\'' | sed '\''/ __gnu_lto/d'\'''
lt_cv_sys_global_symbol_to_c_name_address='sed -n -e '\''s/^: \(.*\) .*$/  {"\1", (void *) 0},/p'\'' -e '\''s/^[ABCDGIRSTW][ABCDGIRSTW]* .* \(.*\)$/  {"\1", (void *) \&\1},/p'\'''
lt_cv_sys_global_symbol_to_c_name_address_lib_prefix='sed -n -e '\''s/^: \(.*\) .*$/  {"\1", (void *) 0},/p'\'' -e '\''s/^[ABCDGIRSTW][ABCDGIRSTW]* .* \(lib.*\)$/  {"\1", (void *) \&\1},/p'\'' -e '\''s/^[ABCDGIRSTW][ABCDGIRSTW]* .* \(.*\)$/  {"lib\1", (void *) \&\1},/p'\'''
lt_cv_sys_global_symbol_to_cdecl='sed -n -e '\''s/^T .* \(.*\)$/extern int \1();/p'\'' -e '\''s/^[ABCDGIRSTW][ABCDGIRSTW]* .* \(.*\)$/extern char \1;/p'\'''
lt_cv_sys_global_symbol_to_import=
lt_cv_sys_max_cmd_len=1572864
lt_cv_to_host_file_cmd=func_convert_file_noop
lt_cv_to_tool_file_cmd=func_convert_file_noop
lt_cv_truncate_bin='/usr/bin/dd bs=4096 count=1'

## ----------------- ##
## Output variables. ##
## ----------------- ##

ACLOCAL='${SHELL} /home/nillerusr/projects/source-engine/thirdparty/protobuf-2.6.1/gtest/build-aux/missing aclocal-1.16'
AMDEPBACKSLASH='\'
AMDEP_FALSE='#'
AMDEP_TRUE=''
AMTAR='$${TAR-tar}'
AM_BACKSLASH='\'
AM_DEFAULT_V='$(AM_DEFAULT_VERBOSITY)'
AM_DEFAULT_VERBOSITY='1'
AM_V='$(V)'
AR='ar'
AUTOCONF='${SHELL} /home/nillerusr/projects/source-engine/thirdparty/protobuf-2.6.1/gtest/build-aux/missing autoconf'
AUTOHEADER='${SHELL} /home/nillerusr/projects/source-engine/thirdparty/protobuf-2.6.1/gtest/build-aux/missing autoheader'
AUTOMAKE='${SHELL} /home/nillerusr/projects/source-engine/thirdparty/protobuf-2.6.1/gtest/build-aux/missing automake-1.16'
AWK='gawk'
CC='gcc'
CCDEPMODE='depmode=gcc3'
CFLAGS='-m32 -Wno-narrowing'
CPP='gcc -E'
CPPFLAGS=''
CXX='g++'
CXXCPP='g++ -E'
CXXDEPMODE='depmode=gcc3'
CXXFLAGS='-m32 -Wno-narrowing -fpermissive'
CYGPATH_W='echo'
DEFS='-DHAVE_CONFIG_H'
DEPDIR='.deps'
DLLTOOL='false'
DSYMUTIL=''
DUMPBIN=''
ECHO_C=''
ECHO_N='-n'
ECHO_T=''
EGREP='/usr/bin/grep -E'
EXEEXT=''
FGREP='/usr/bin/grep -F'
GREP='/usr/bin/grep'
HAVE_PTHREADS_FALSE='#'
HAVE_PTHREADS_TRUE=''
HAVE_PYTHON_FALSE='#'
HAVE_PYTHON_TRUE=''
INSTALL_DATA='${INSTALL} -m 644'
INSTALL_PROGRAM='${INSTALL}'
INSTALL_SCRIPT='${INSTALL}'
INSTALL_STRIP_PROGRAM='$(install_sh) -c -s'
LD='/usr/bin/ld'
LDFLAGS='-m32'
LIBOBJS=''
LIBS=''
LIBTOOL='$(SHELL) $(top_builddir)/libtool'
LIPO=''
LN_S='ln -s'
LTLIBOBJS=''
LT_SYS_LIBRARY_PATH=''
MAKEINFO='${SHELL} /home/nillerusr/projects/source-engine/thirdparty/protobuf-2.6.1/gtest/build-aux/missing makeinfo'
MANIFEST_TOOL=':'
MKDIR_P='/usr/bin/mkdir -p'
NM='/usr/bin/nm -B'
NMEDIT=''
OBJDUMP='objdump'
OBJEXT='o'
OTOOL64=''
OTOOL=''
PACKAGE='gtest'
PACKAGE_BUGREPORT='googletestframework@googlegroups.com'
PACKAGE_NAME='Google C++ Testing Framework'
PACKAGE_STRING='Google C++ Testing Framework 1.6.0'
PACKAGE_TARNAME='gtest'
PACKAGE_URL=''
PACKAGE_VERSION='1.6.0'
PATH_SEPARATOR=':'
PTHREAD_CC='gcc'
PTHREAD_CFLAGS='-pthread'
PTHREAD_LIBS=''
PYTHON='/usr/bin/python'
RANLIB='ranlib'
SED='/usr/bin/sed'
SET_MAKE=''
SHELL='/bin/sh'
STRIP='strip'
VERSION='1.6.0'
ac_ct_AR='ar'
ac_ct_CC='gcc'
ac_ct_CXX='g++'
ac_ct_DUMPBIN=''
acx_pthread_config=''
am__EXEEXT_FALSE=''
am__EXEEXT_TRUE='#'
am__fastdepCC_FALSE='#'
am__fastdepCC_TRUE=''
am__fastdepCXX_FALSE='#'
am__fastdepCXX_TRUE=''
am__include='include'
am__isrc=''
am__leading_dot='.'
am__nodep='_no'
am__quote=''
am__tar='$${TAR-tar} chof - "$$tardir"'
am__untar='$${TAR-tar} xf -'
bindir='${exec_prefix}/bin'
build='i686-pc-linux-gnu'
build_alias='i686-pc-linux-gnu'
build_cpu='i686'
build_os='linux-gnu'
build_vendor='pc'
datadir='${datarootdir}'
datarootdir='${prefix}/share'
docdir='${datarootdir}/doc/${PACKAGE_TARNAME}'
dvidir='${docdir}'
exec_prefix='${prefix}'
host='i686-pc-linux-gnu'
host_alias=''
host_cpu='i686'
host_os='linux-gnu'
host_vendor='pc'
htmldir='${docdir}'
includedir='${prefix}/include'
infodir='${datarootdir}/info'
install_sh='${SHELL} /home/nillerusr/projects/source-engine/thirdparty/protobuf-2.6.1/gtest/build-aux/install-sh'
libdir='${exec_prefix}/lib'
libexecdir='${exec_prefix}/libexec'
localedir='${datarootdir}/locale'
localstatedir='${prefix}/var'
mandir='${datarootdir}/man'
mkdir_p='$(MKDIR_P)'
oldincludedir='/usr/include'
pdfdir='${docdir}'
prefix='/usr/local'
program_transform_name='s,x,x,'
psdir='${docdir}'
sbindir='${exec_prefix}/sbin'
sharedstatedir='${prefix}/com'
sysconfdir='${prefix}/etc'
target_alias=''

## ----------- ##
## confdefs.h. ##
## ----------- ##

/* confdefs.h */
#define PACKAGE_NAME "Google C++ Testing Framework"
#define PACKAGE_TARNAME "gtest"
#define PACKAGE_VERSION "1.6.0"
#define PACKAGE_STRING "Google C++ Testing Framework 1.6.0"
#define PACKAGE_BUGREPORT "googletestframework@googlegroups.com"
#define PACKAGE_URL ""
#define PACKAGE "gtest"
#define VERSION "1.6.0"
#define STDC_HEADERS 1
#define HAVE_SYS_TYPES_H 1
#define HAVE_SYS_STAT_H 1
#define HAVE_STDLIB_H 1
#define HAVE_STRING_H 1
#define HAVE_MEMORY_H 1
#define HAVE_STRINGS_H 1
#define HAVE_INTTYPES_H 1
#define HAVE_STDINT_H 1
#define HAVE_UNISTD_H 1
#define HAVE_DLFCN_H 1
#define LT_OBJDIR ".libs/"
#define HAVE_PTHREAD 1

configure: exit 0
